Build started 3/22/2013 9:54:43 AM.
     1>Project "C:\Users\Anthony D. Jones\Documents\Visual Studio 2012\Projects\TwoScrollBars\TwoScrollBars\TwoScrollBars.vcxproj" on node 2 (Build target(s)).
     1>ClCompile:
         C:\Program Files (x86)\Microsoft Visual Studio 11.0\VC\bin\CL.exe /c /ZI /nologo /W3 /WX- /Od /Oy- /D _MBCS /Gm /EHsc /RTC1 /MDd /GS /fp:precise /Zc:wchar_t /Zc:forScope /Fo"Debug\\" /Fd"Debug\vc110.pdb" /Gd /TP /analyze- /errorReport:prompt scrollbar.cpp
         scrollbar.cpp
     1>c:\users\anthony d. jones\documents\visual studio 2012\projects\twoscrollbars\twoscrollbars\scrollbar.cpp(101): warning C4566: character represented by universal-character-name '\u30C0' cannot be represented in the current code page (1252)
     1>c:\users\anthony d. jones\documents\visual studio 2012\projects\twoscrollbars\twoscrollbars\scrollbar.cpp(101): warning C4566: character represented by universal-character-name '\u30A4' cannot be represented in the current code page (1252)
     1>c:\users\anthony d. jones\documents\visual studio 2012\projects\twoscrollbars\twoscrollbars\scrollbar.cpp(101): warning C4566: character represented by universal-character-name '\u30A2' cannot be represented in the current code page (1252)
     1>c:\users\anthony d. jones\documents\visual studio 2012\projects\twoscrollbars\twoscrollbars\scrollbar.cpp(101): warning C4566: character represented by universal-character-name '\u30ED' cannot be represented in the current code page (1252)
     1>c:\users\anthony d. jones\documents\visual studio 2012\projects\twoscrollbars\twoscrollbars\scrollbar.cpp(101): warning C4566: character represented by universal-character-name '\u30B0' cannot be represented in the current code page (1252)
     1>c:\users\anthony d. jones\documents\visual studio 2012\projects\twoscrollbars\twoscrollbars\scrollbar.cpp(101): warning C4566: character represented by universal-character-name '\u30DC' cannot be represented in the current code page (1252)
     1>c:\users\anthony d. jones\documents\visual studio 2012\projects\twoscrollbars\twoscrollbars\scrollbar.cpp(101): warning C4566: character represented by universal-character-name '\u30C3' cannot be represented in the current code page (1252)
     1>c:\users\anthony d. jones\documents\visual studio 2012\projects\twoscrollbars\twoscrollbars\scrollbar.cpp(101): warning C4566: character represented by universal-character-name '\u30AF' cannot be represented in the current code page (1252)
     1>c:\users\anthony d. jones\documents\visual studio 2012\projects\twoscrollbars\twoscrollbars\scrollbar.cpp(101): warning C4566: character represented by universal-character-name '\u30B9' cannot be represented in the current code page (1252)
       ResourceCompile:
         C:\Program Files (x86)\Windows Kits\8.0\bin\x86\rc.exe /l"0x0409" /nologo /fo"Debug\scrollbar.res" scrollbar.rc 
     1>scrollbar.rc(29): warning RC2182: duplicate dialog control ID 120
         
       Link:
         C:\Program Files (x86)\Microsoft Visual Studio 11.0\VC\bin\link.exe /ERRORREPORT:PROMPT /OUT:"C:\Users\Anthony D. Jones\Documents\Visual Studio 2012\Projects\TwoScrollBars\Debug\TwoScrollBars.exe" /INCREMENTAL /NOLOGO kernel32.lib user32.lib gdi32.lib winspool.lib comdlg32.lib advapi32.lib shell32.lib ole32.lib oleaut32.lib uuid.lib odbc32.lib odbccp32.lib /MANIFEST /MANIFESTUAC:"level='asInvoker' uiAccess='false'" /manifest:embed /DEBUG /PDB:"C:\Users\Anthony D. Jones\Documents\Visual Studio 2012\Projects\TwoScrollBars\Debug\TwoScrollBars.pdb" /TLBID:1 /DYNAMICBASE /NXCOMPAT /IMPLIB:"C:\Users\Anthony D. Jones\Documents\Visual Studio 2012\Projects\TwoScrollBars\Debug\TwoScrollBars.lib" /MACHINE:X86 Debug\scrollbar.res
         Debug\scrollbar.obj
         TwoScrollBars.vcxproj -> C:\Users\Anthony D. Jones\Documents\Visual Studio 2012\Projects\TwoScrollBars\Debug\TwoScrollBars.exe
     1>Done Building Project "C:\Users\Anthony D. Jones\Documents\Visual Studio 2012\Projects\TwoScrollBars\TwoScrollBars\TwoScrollBars.vcxproj" (Build target(s)).

Build succeeded.

Time Elapsed 00:00:01.18
